<?xml version="1.0" encoding="UTF-8"?>
<!-- Generated by org.testng.reporters.JUnitXMLReporter -->
<testsuite ignored="0" hostname="LAPTOP-2RBQPG8G" failures="0" tests="2" name="Test" time="26.096" errors="0" timestamp="2022-11-05T13:31:52 IST">
  <testcase classname="com.sauceDemo.TestPackage.TC01_VerifyLoginFunctionality" name="TC_01VerifyLoginFunctionality" time="0.139"/>
  <testcase classname="com.sauceDemo.TestPackage.TC02_VerifyLogOutFunctionality" name="TC_02VerifyLogOutFunctionality" time="5.673"/>
</testsuite> <!-- Test -->
