<?xml version="1.0" encoding="UTF-8"?>
<testng-results ignored="0" total="2" passed="2" failed="0" skipped="0">
  <reporter-output>
  </reporter-output>
  <suite started-at="2022-11-05T13:31:26 IST" name="Suite" finished-at="2022-11-05T13:31:52 IST" duration-ms="26096">
    <groups>
    </groups>
    <test started-at="2022-11-05T13:31:26 IST" name="Test" finished-at="2022-11-05T13:31:52 IST" duration-ms="26096">
      <class name="com.sauceDemo.TestPackage.TC02_VerifyLogOutFunctionality">
        <test-method is-config="true" signature="SetUp(java.lang.String)[pri:0, instance:com.sauceDemo.TestPackage.TC02_VerifyLogOutFunctionality@52af26ee]" started-at="2022-11-05T13:31:38 IST" name="SetUp" finished-at="2022-11-05T13:31:46 IST" duration-ms="8266" status="PASS">
          <params>
            <param index="0">
              <value>
                <![CDATA[chrome]]>
              </value>
            </param>
          </params>
          <reporter-output>
          </reporter-output>
        </test-method> <!-- SetUp -->
        <test-method signature="TC_02VerifyLogOutFunctionality()[pri:0, instance:com.sauceDemo.TestPackage.TC02_VerifyLogOutFunctionality@52af26ee]" started-at="2022-11-05T13:31:46 IST" name="TC_02VerifyLogOutFunctionality" finished-at="2022-11-05T13:31:52 IST" duration-ms="5673" status="PASS">
          <reporter-output>
          </reporter-output>
        </test-method> <!-- TC_02VerifyLogOutFunctionality -->
        <test-method is-config="true" signature="tearDown()[pri:0, instance:com.sauceDemo.TestPackage.TC02_VerifyLogOutFunctionality@52af26ee]" started-at="2022-11-05T13:31:52 IST" name="tearDown" finished-at="2022-11-05T13:31:52 IST" duration-ms="137" status="PASS">
          <reporter-output>
          </reporter-output>
        </test-method> <!-- tearDown -->
      </class> <!-- com.sauceDemo.TestPackage.TC02_VerifyLogOutFunctionality -->
      <class name="com.sauceDemo.TestPackage.TC01_VerifyLoginFunctionality">
        <test-method is-config="true" signature="SetUp(java.lang.String)[pri:0, instance:com.sauceDemo.TestPackage.TC01_VerifyLoginFunctionality@7e5afaa6]" started-at="2022-11-05T13:31:26 IST" name="SetUp" finished-at="2022-11-05T13:31:37 IST" duration-ms="11561" status="PASS">
          <params>
            <param index="0">
              <value>
                <![CDATA[chrome]]>
              </value>
            </param>
          </params>
          <reporter-output>
          </reporter-output>
        </test-method> <!-- SetUp -->
        <test-method signature="TC_01VerifyLoginFunctionality()[pri:0, instance:com.sauceDemo.TestPackage.TC01_VerifyLoginFunctionality@7e5afaa6]" started-at="2022-11-05T13:31:37 IST" name="TC_01VerifyLoginFunctionality" finished-at="2022-11-05T13:31:37 IST" duration-ms="139" status="PASS">
          <reporter-output>
          </reporter-output>
        </test-method> <!-- TC_01VerifyLoginFunctionality -->
        <test-method is-config="true" signature="tearDown()[pri:0, instance:com.sauceDemo.TestPackage.TC01_VerifyLoginFunctionality@7e5afaa6]" started-at="2022-11-05T13:31:37 IST" name="tearDown" finished-at="2022-11-05T13:31:38 IST" duration-ms="271" status="PASS">
          <reporter-output>
          </reporter-output>
        </test-method> <!-- tearDown -->
      </class> <!-- com.sauceDemo.TestPackage.TC01_VerifyLoginFunctionality -->
    </test> <!-- Test -->
  </suite> <!-- Suite -->
</testng-results>
